
> russian-trader-backend@1.0.0 dev
> nodemon src/server.ts

[33m[nodemon] 3.1.10[39m
[33m[nodemon] to restart at any time, enter `rs`[39m
[33m[nodemon] watching path(s): *.*[39m
[33m[nodemon] watching extensions: ts,json[39m
[32m[nodemon] starting `ts-node src/server.ts`[39m
🔌 WebSocket сервер запущен
🔔 Сервис push-уведомлений инициализирован
✅ PostgreSQL подключена успешно
📊 Таблицы PostgreSQL готовы к работе
📊 PostgreSQL подключена успешно
✅ Тестовый пользователь уже существует
✅ Тестовый пользователь PostgreSQL инициализирован
🚀 Сервер запущен на порту 3001
📊 Russian Trader Backend готов к работе
🌐 API доступно по адресу: http://localhost:3001/api
🔌 WebSocket сервер готов к подключениям
💾 Система кэширования инициализирована
🤖 ML аналитика активирована
Push notification triggered: Аномальный объем: BTCUSDT { symbol: 'BTCUSDT', type: 'price_alert', priority: 'medium' }
Push notification triggered: Аномальный объем: ETHUSDT { symbol: 'ETHUSDT', type: 'price_alert', priority: 'medium' }
Push notification triggered: Аномальный объем: BTCUSDT { symbol: 'BTCUSDT', type: 'price_alert', priority: 'medium' }
Push notification triggered: Аномальный объем: ETHUSDT { symbol: 'ETHUSDT', type: 'price_alert', priority: 'medium' }
2026-01-12T07:19:48.117Z - POST /api/auth/login
Push notification triggered: Высокий риск: SBER { symbol: 'SBER', type: 'risk_alert', priority: 'high' }
Push notification triggered: Превышение лимита риска: SBER { symbol: 'SBER', type: 'risk_alert', priority: 'high' }
Push notification triggered: Превышение лимита риска: GAZP { symbol: 'GAZP', type: 'risk_alert', priority: 'high' }
Push notification triggered: Превышение лимита риска: BTCUSDT { symbol: 'BTCUSDT', type: 'risk_alert', priority: 'high' }
Push notification triggered: Высокий риск: SBER { symbol: 'SBER', type: 'risk_alert', priority: 'high' }
Push notification triggered: Превышение лимита риска: SBER { symbol: 'SBER', type: 'risk_alert', priority: 'high' }
Push notification triggered: Превышение лимита риска: GAZP { symbol: 'GAZP', type: 'risk_alert', priority: 'high' }
Push notification triggered: Превышение лимита риска: BTCUSDT { symbol: 'BTCUSDT', type: 'risk_alert', priority: 'high' }
Push notification triggered: Аномальный объем: BTCUSDT { symbol: 'BTCUSDT', type: 'price_alert', priority: 'medium' }
Push notification triggered: Аномальный объем: ETHUSDT { symbol: 'ETHUSDT', type: 'price_alert', priority: 'medium' }
Обновлены данные для 20 активов
Данные рынка обновлены
Push notification triggered: Аномальный объем: BTCUSDT { symbol: 'BTCUSDT', type: 'price_alert', priority: 'medium' }
Push notification triggered: Аномальный объем: ETHUSDT { symbol: 'ETHUSDT', type: 'price_alert', priority: 'medium' }
Push notification triggered: Высокий риск: SBER { symbol: 'SBER', type: 'risk_alert', priority: 'high' }
Push notification triggered: Превышение лимита риска: SBER { symbol: 'SBER', type: 'risk_alert', priority: 'high' }
Push notification triggered: Превышение лимита риска: GAZP { symbol: 'GAZP', type: 'risk_alert', priority: 'high' }
Push notification triggered: Превышение лимита риска: BTCUSDT { symbol: 'BTCUSDT', type: 'risk_alert', priority: 'high' }
Push notification triggered: Аномальный объем: BTCUSDT { symbol: 'BTCUSDT', type: 'price_alert', priority: 'medium' }
Push notification triggered: Аномальный объем: ETHUSDT { symbol: 'ETHUSDT', type: 'price_alert', priority: 'medium' }
Push notification triggered: Высокий риск: SBER { symbol: 'SBER', type: 'risk_alert', priority: 'high' }
Push notification triggered: Превышение лимита риска: SBER { symbol: 'SBER', type: 'risk_alert', priority: 'high' }
Push notification triggered: Превышение лимита риска: GAZP { symbol: 'GAZP', type: 'risk_alert', priority: 'high' }
Push notification triggered: Превышение лимита риска: BTCUSDT { symbol: 'BTCUSDT', type: 'risk_alert', priority: 'high' }
Push notification triggered: Аномальный объем: BTCUSDT { symbol: 'BTCUSDT', type: 'price_alert', priority: 'medium' }
Push notification triggered: Аномальный объем: ETHUSDT { symbol: 'ETHUSDT', type: 'price_alert', priority: 'medium' }
Push notification triggered: Аномальный объем: BTCUSDT { symbol: 'BTCUSDT', type: 'price_alert', priority: 'medium' }
Push notification triggered: Аномальный объем: ETHUSDT { symbol: 'ETHUSDT', type: 'price_alert', priority: 'medium' }
Обновлены данные для 20 активов
Данные рынка обновлены
Push notification triggered: Аномальный объем: BTCUSDT { symbol: 'BTCUSDT', type: 'price_alert', priority: 'medium' }
Push notification triggered: Аномальный объем: ETHUSDT { symbol: 'ETHUSDT', type: 'price_alert', priority: 'medium' }
Push notification triggered: Высокий риск: SBER { symbol: 'SBER', type: 'risk_alert', priority: 'high' }
Push notification triggered: Превышение лимита риска: SBER { symbol: 'SBER', type: 'risk_alert', priority: 'high' }
Push notification triggered: Превышение лимита риска: GAZP { symbol: 'GAZP', type: 'risk_alert', priority: 'high' }
Push notification triggered: Превышение лимита риска: BTCUSDT { symbol: 'BTCUSDT', type: 'risk_alert', priority: 'high' }
Push notification triggered: Высокий риск: SBER { symbol: 'SBER', type: 'risk_alert', priority: 'high' }
Push notification triggered: Превышение лимита риска: SBER { symbol: 'SBER', type: 'risk_alert', priority: 'high' }
Push notification triggered: Превышение лимита риска: GAZP { symbol: 'GAZP', type: 'risk_alert', priority: 'high' }
Push notification triggered: Превышение лимита риска: BTCUSDT { symbol: 'BTCUSDT', type: 'risk_alert', priority: 'high' }
Push notification triggered: Аномальный объем: BTCUSDT { symbol: 'BTCUSDT', type: 'price_alert', priority: 'medium' }
Push notification triggered: Аномальный объем: ETHUSDT { symbol: 'ETHUSDT', type: 'price_alert', priority: 'medium' }
Push notification triggered: Аномальный объем: BTCUSDT { symbol: 'BTCUSDT', type: 'price_alert', priority: 'medium' }
Push notification triggered: Аномальный объем: ETHUSDT { symbol: 'ETHUSDT', type: 'price_alert', priority: 'medium' }
Push notification triggered: Высокий риск: SBER { symbol: 'SBER', type: 'risk_alert', priority: 'high' }
Push notification triggered: Превышение лимита риска: SBER { symbol: 'SBER', type: 'risk_alert', priority: 'high' }
Push notification triggered: Превышение лимита риска: GAZP { symbol: 'GAZP', type: 'risk_alert', priority: 'high' }
Push notification triggered: Превышение лимита риска: BTCUSDT { symbol: 'BTCUSDT', type: 'risk_alert', priority: 'high' }
Push notification triggered: Аномальный объем: BTCUSDT { symbol: 'BTCUSDT', type: 'price_alert', priority: 'medium' }
Push notification triggered: Аномальный объем: ETHUSDT { symbol: 'ETHUSDT', type: 'price_alert', priority: 'medium' }
Push notification triggered: Высокий риск: SBER { symbol: 'SBER', type: 'risk_alert', priority: 'high' }
Push notification triggered: Превышение лимита риска: SBER { symbol: 'SBER', type: 'risk_alert', priority: 'high' }
Push notification triggered: Превышение лимита риска: GAZP { symbol: 'GAZP', type: 'risk_alert', priority: 'high' }
Push notification triggered: Превышение лимита риска: BTCUSDT { symbol: 'BTCUSDT', type: 'risk_alert', priority: 'high' }
Обновлены данные для 20 активов
Данные рынка обновлены
Push notification triggered: Аномальный объем: BTCUSDT { symbol: 'BTCUSDT', type: 'price_alert', priority: 'medium' }
Push notification triggered: Аномальный объем: ETHUSDT { symbol: 'ETHUSDT', type: 'price_alert', priority: 'medium' }
Push notification triggered: Аномальный объем: BTCUSDT { symbol: 'BTCUSDT', type: 'price_alert', priority: 'medium' }
Push notification triggered: Аномальный объем: ETHUSDT { symbol: 'ETHUSDT', type: 'price_alert', priority: 'medium' }
Push notification triggered: Аномальный объем: BTCUSDT { symbol: 'BTCUSDT', type: 'price_alert', priority: 'medium' }
Push notification triggered: Аномальный объем: ETHUSDT { symbol: 'ETHUSDT', type: 'price_alert', priority: 'medium' }
Push notification triggered: Высокий риск: SBER { symbol: 'SBER', type: 'risk_alert', priority: 'high' }
Push notification triggered: Превышение лимита риска: SBER { symbol: 'SBER', type: 'risk_alert', priority: 'high' }
Push notification triggered: Превышение лимита риска: GAZP { symbol: 'GAZP', type: 'risk_alert', priority: 'high' }
Push notification triggered: Превышение лимита риска: BTCUSDT { symbol: 'BTCUSDT', type: 'risk_alert', priority: 'high' }
Push notification triggered: Высокий риск: SBER { symbol: 'SBER', type: 'risk_alert', priority: 'high' }
Push notification triggered: Превышение лимита риска: SBER { symbol: 'SBER', type: 'risk_alert', priority: 'high' }
Push notification triggered: Превышение лимита риска: GAZP { symbol: 'GAZP', type: 'risk_alert', priority: 'high' }
Push notification triggered: Превышение лимита риска: BTCUSDT { symbol: 'BTCUSDT', type: 'risk_alert', priority: 'high' }
Push notification triggered: Аномальный объем: BTCUSDT { symbol: 'BTCUSDT', type: 'price_alert', priority: 'medium' }
Push notification triggered: Аномальный объем: ETHUSDT { symbol: 'ETHUSDT', type: 'price_alert', priority: 'medium' }
Обновлены данные для 20 активов
Данные рынка обновлены
Push notification triggered: Аномальный объем: BTCUSDT { symbol: 'BTCUSDT', type: 'price_alert', priority: 'medium' }
Push notification triggered: Аномальный объем: ETHUSDT { symbol: 'ETHUSDT', type: 'price_alert', priority: 'medium' }
